SF:lib/modules/core/network/network_info.dart
DA:10,1
DA:12,1
DA:14,1
DA:20,2
DA:22,5
DA:23,4
LF:6
LH:6
end_of_record
SF:lib/modules/core/api_client/response.dart
DA:5,1
LF:1
LH:1
end_of_record
SF:lib/modules/core/utils/failure.dart
DA:3,0
DA:4,0
DA:8,0
DA:13,1
DA:18,0
DA:23,0
LF:6
LH:1
end_of_record
SF:lib/modules/moteis/domain/entities/categoria_item.dart
DA:7,3
DA:9,2
DA:10,6
LF:3
LH:3
end_of_record
SF:lib/modules/moteis/domain/entities/desconto.dart
DA:6,3
DA:8,2
DA:9,4
LF:3
LH:3
end_of_record
SF:lib/modules/moteis/domain/entities/item_suite.dart
DA:6,3
DA:8,2
DA:9,4
LF:3
LH:3
end_of_record
SF:lib/modules/moteis/domain/entities/motel.dart
DA:14,3
DA:25,2
DA:27,18
LF:3
LH:3
end_of_record
SF:lib/modules/moteis/domain/entities/suite.dart
DA:15,3
DA:25,2
DA:27,16
LF:3
LH:3
end_of_record
SF:lib/modules/moteis/domain/entities/periodo.dart
DA:12,3
DA:21,0
DA:23,2
DA:24,14
LF:4
LH:3
end_of_record
SF:lib/modules/moteis/ext/datasources/moteis_remote_datasource_impl.dart
DA:12,1
DA:14,1
DA:18,2
DA:20,2
DA:21,2
DA:22,2
DA:23,4
DA:25,0
DA:26,0
DA:29,0
DA:32,2
DA:33,1
LF:12
LH:9
end_of_record
SF:lib/modules/moteis/infra/models/motel_model.dart
DA:15,4
DA:26,2
DA:27,1
DA:28,1
DA:29,1
DA:30,1
DA:31,1
DA:32,1
DA:33,1
DA:34,5
DA:37,0
DA:38,0
DA:39,0
DA:40,0
DA:41,0
DA:42,0
DA:43,0
DA:44,0
DA:45,0
DA:48,2
DA:49,1
DA:50,1
DA:51,1
DA:52,1
DA:53,1
DA:54,1
DA:55,1
DA:56,5
DA:59,6
DA:60,3
DA:61,3
DA:62,3
DA:63,3
DA:64,3
DA:65,3
DA:66,3
DA:67,15
DA:70,1
DA:72,9
LF:39
LH:30
end_of_record
SF:lib/utils/custom_debug_print.dart
DA:3,2
DA:5,2
DA:6,6
DA:8,8
DA:10,2
DA:12,2
DA:14,4
LF:7
LH:7
end_of_record
SF:lib/modules/moteis/infra/models/categoria_item_model.dart
DA:8,4
DA:13,2
DA:14,1
DA:15,1
DA:18,0
DA:19,0
DA:20,0
DA:23,2
DA:24,1
DA:25,1
DA:28,6
DA:29,3
DA:30,3
DA:33,1
DA:34,3
LF:15
LH:12
end_of_record
SF:lib/modules/moteis/infra/models/desconto_model.dart
DA:7,4
DA:9,1
DA:10,2
DA:12,0
DA:14,3
DA:16,9
DA:18,1
DA:19,2
LF:8
LH:7
end_of_record
SF:lib/modules/moteis/infra/models/item_suite_model.dart
DA:7,4
DA:9,2
DA:10,1
DA:13,0
DA:14,0
DA:17,2
DA:18,1
DA:21,6
DA:22,3
DA:25,1
DA:26,2
LF:11
LH:9
end_of_record
SF:lib/modules/moteis/infra/models/suites_model.dart
DA:16,4
DA:26,2
DA:27,1
DA:28,1
DA:29,1
DA:30,4
DA:31,5
DA:32,1
DA:33,4
DA:34,5
DA:37,0
DA:38,0
DA:39,0
DA:40,0
DA:41,0
DA:42,0
DA:43,0
DA:44,0
DA:47,2
DA:48,1
DA:49,1
DA:50,1
DA:51,2
DA:52,5
DA:53,5
DA:54,5
DA:57,6
DA:58,3
DA:59,3
DA:60,3
DA:61,6
DA:62,15
DA:63,15
DA:64,15
DA:67,1
DA:69,8
LF:36
LH:28
end_of_record
SF:lib/modules/moteis/infra/models/periodo_model.dart
DA:13,4
DA:22,2
DA:23,1
DA:24,1
DA:25,1
DA:26,1
DA:27,1
DA:28,3
DA:31,0
DA:32,0
DA:33,0
DA:34,0
DA:35,0
DA:36,0
DA:37,0
DA:40,2
DA:41,1
DA:42,1
DA:43,1
DA:44,1
DA:45,1
DA:46,3
DA:48,6
DA:49,3
DA:50,3
DA:51,3
DA:52,3
DA:53,3
DA:54,6
DA:57,1
DA:58,7
LF:31
LH:24
end_of_record
SF:lib/modules/moteis/infra/repositories/moteis_repository_impl.dart
DA:13,1
DA:18,1
DA:21,2
DA:22,2
DA:23,5
DA:25,2
DA:27,1
DA:28,1
DA:30,2
DA:31,2
LF:10
LH:10
end_of_record
SF:lib/modules/moteis/domain/usecases/fetch_moteis_usecase.dart
DA:14,1
DA:16,1
DA:18,1
DA:19,3
DA:20,3
DA:21,1
DA:22,1
DA:24,2
DA:29,0
LF:9
LH:8
end_of_record
SF:lib/modules/moteis/presentation/bloc/moteis_state.dart
DA:4,1
DA:5,1
DA:13,1
DA:15,1
DA:16,2
DA:22,1
DA:24,1
DA:25,2
DA:31,1
DA:33,1
DA:34,2
LF:11
LH:11
end_of_record
SF:lib/modules/moteis/presentation/bloc/moteis_event.dart
DA:4,0
DA:5,0
LF:2
LH:0
end_of_record
SF:lib/modules/moteis/presentation/bloc/moteis_bloc.dart
DA:12,3
DA:13,2
DA:14,2
DA:15,4
DA:16,1
DA:17,1
DA:18,3
DA:20,1
DA:21,2
DA:27,2
DA:28,4
DA:29,1
DA:30,1
DA:31,3
DA:33,1
DA:34,1
DA:35,2
DA:37,2
LF:18
LH:18
end_of_record
